<?xml version="1.0" encoding="UTF-8"?>
<testsuite xmlns:xsi="http://www.w3.org/2001/XMLSchema-instance" xsi:noNamespaceSchemaLocation="https://maven.apache.org/surefire/maven-surefire-plugin/xsd/surefire-test-report-3.0.xsd" version="3.0" name="com.sunglassstore.service.RefundServiceImplTest" time="0.324" tests="6" errors="0" skipped="0" failures="0">
  <properties>
[...]
</properties>
  <testcase name="refundProratesOrderDiscountAndTaxAcrossReturnedItems" classname="com.sunglassstore.service.RefundServiceImplTest" time="0.279"/>
  <testcase name="refundCannotExceedSpecificReturnedMerchandiseValue" classname="com.sunglassstore.service.RefundServiceImplTest" time="0.007"/>
  <testcase name="validRefundUsesLockedPaymentAndUpdatesStatus" classname="com.sunglassstore.service.RefundServiceImplTest" time="0.01"/>
  <testcase name="refundSubtractsEarlierRefundsForSameReturn" classname="com.sunglassstore.service.RefundServiceImplTest" time="0.006"/>
  <testcase name="refundRejectsReturnFromAnotherOrder" classname="com.sunglassstore.service.RefundServiceImplTest" time="0.005"/>
  <testcase name="refundCannotConsumeShippingAcrossSeparateReturns" classname="com.sunglassstore.service.RefundServiceImplTest" time="0.005"/>
</testsuite>